# JRE version: Java(TM) SE Runtime Environment (17.0.9+11) (build 17.0.9+11-LTS-201)
# Java VM: Java HotSpot(TM) 64-Bit Server VM (17.0.9+11-LTS-201, mixed mode, sharing, tiered, compressed oops, compressed class ptrs, g1 gc, windows-amd64)
GC Precious Log:
 CPUs: 4 total, 4 available
 Memory: 4001M
 Large Page Support: Disabled
 NUMA Support: Disabled
 Compressed Oops: Enabled (32-bit)
 Heap Region Size: 1M
 Heap Min Capacity: 8M
 Heap Initial Capacity: 64M
 Heap Max Capacity: 1002M
 Pre-touch: Disabled
 Parallel Workers: 4
 Concurrent Workers: 1
 Concurrent Refinement Workers: 4
 Periodic GC: Disabled
Heap:
 garbage-first heap   total 76800K, used 55666K [0x00000000c1600000, 0x0000000100000000)
  region size 1024K, 6 young (6144K), 1 survivors (1024K)
 Metaspace       used 17824K, committed 18048K, reserved 1114112K
  class space    used 2002K, committed 2112K, reserved 1048576K
GC Heap History (10 events):
Event: 28.820 GC heap before
{Heap before GC invocations=0 (full 0):
 garbage-first heap   total 65536K, used 17408K [0x00000000c1600000, 0x0000000100000000)
  region size 1024K, 13 young (13312K), 0 survivors (0K)
 Metaspace       used 8882K, committed 9088K, reserved 1114112K
  class space    used 992K, committed 1088K, reserved 1048576K
}
Event: 28.837 GC heap after
{Heap after GC invocations=1 (full 0):
 garbage-first heap   total 65536K, used 7727K [0x00000000c1600000, 0x0000000100000000)
  region size 1024K, 2 young (2048K), 2 survivors (2048K)
 Metaspace       used 8882K, committed 9088K, reserved 1114112K
  class space    used 992K, committed 1088K, reserved 1048576K
}
Event: 29.746 GC heap before
{Heap before GC invocations=1 (full 0):
 garbage-first heap   total 65536K, used 14895K [0x00000000c1600000, 0x0000000100000000)
  region size 1024K, 9 young (9216K), 2 survivors (2048K)
 Metaspace       used 11514K, committed 11712K, reserved 1114112K
  class space    used 1253K, committed 1344K, reserved 1048576K
}
Event: 29.751 GC heap after
{Heap after GC invocations=2 (full 0):
 garbage-first heap   total 65536K, used 8802K [0x00000000c1600000, 0x0000000100000000)
  region size 1024K, 2 young (2048K), 2 survivors (2048K)
 Metaspace       used 11514K, committed 11712K, reserved 1114112K
  class space    used 1253K, committed 1344K, reserved 1048576K
}
Event: 30.691 GC heap before
{Heap before GC invocations=2 (full 0):
 garbage-first heap   total 65536K, used 37474K [0x00000000c1600000, 0x0000000100000000)
  region size 1024K, 20 young (20480K), 2 survivors (2048K)
 Metaspace       used 17766K, committed 17984K, reserved 1114112K
  class space    used 2001K, committed 2112K, reserved 1048576K
}
Event: 30.698 GC heap after
{Heap after GC invocations=3 (full 0):
 garbage-first heap   total 65536K, used 22852K [0x00000000c1600000, 0x0000000100000000)
  region size 1024K, 3 young (3072K), 3 survivors (3072K)
 Metaspace       used 17766K, committed 17984K, reserved 1114112K
  class space    used 2001K, committed 2112K, reserved 1048576K
}
Event: 31.516 GC heap before
{Heap before GC invocations=3 (full 0):
 garbage-first heap   total 65536K, used 54596K [0x00000000c1600000, 0x0000000100000000)
  region size 1024K, 19 young (19456K), 3 survivors (3072K)
 Metaspace       used 17767K, committed 17984K, reserved 1114112K
  class space    used 2001K, committed 2112K, reserved 1048576K
}
Event: 31.520 GC heap after
{Heap after GC invocations=4 (full 0):
 garbage-first heap   total 65536K, used 40322K [0x00000000c1600000, 0x0000000100000000)
  region size 1024K, 1 young (1024K), 1 survivors (1024K)
 Metaspace       used 17767K, committed 17984K, reserved 1114112K
  class space    used 2001K, committed 2112K, reserved 1048576K
}
Event: 31.817 GC heap before
{Heap before GC invocations=4 (full 0):
 garbage-first heap   total 65536K, used 41346K [0x00000000c1600000, 0x0000000100000000)
  region size 1024K, 3 young (3072K), 1 survivors (1024K)
 Metaspace       used 17768K, committed 18048K, reserved 1114112K
  class space    used 2001K, committed 2112K, reserved 1048576K
}
Event: 31.818 GC heap after
{Heap after GC invocations=5 (full 0):
 garbage-first heap   total 65536K, used 40306K [0x00000000c1600000, 0x0000000100000000)
  region size 1024K, 1 young (1024K), 1 survivors (1024K)
 Metaspace       used 17768K, committed 18048K, reserved 1114112K
  class space    used 2001K, committed 2112K, reserved 1048576K
}

