# JRE version: Java(TM) SE Runtime Environment (17.0.9+11) (build 17.0.9+11-LTS-201)
# Java VM: Java HotSpot(TM) 64-Bit Server VM (17.0.9+11-LTS-201, mixed mode, sharing, tiered, compressed oops, compressed class ptrs, g1 gc, windows-amd64)
GC Precious Log:
 CPUs: 4 total, 4 available
 Memory: 4001M
 Large Page Support: Disabled
 NUMA Support: Disabled
 Compressed Oops: Enabled (32-bit)
 Heap Region Size: 1M
 Heap Min Capacity: 8M
 Heap Initial Capacity: 64M
 Heap Max Capacity: 1002M
 Pre-touch: Disabled
 Parallel Workers: 4
 Concurrent Workers: 1
 Concurrent Refinement Workers: 4
 Periodic GC: Disabled
Heap:
 garbage-first heap   total 122880K, used 103993K [0x00000000c1600000, 0x0000000100000000)
  region size 1024K, 7 young (7168K), 4 survivors (4096K)
 Metaspace       used 23115K, committed 23360K, reserved 1114112K
  class space    used 2453K, committed 2560K, reserved 1048576K
GC Heap History (20 events):
Event: 20.343 GC heap before
{Heap before GC invocations=4 (full 0):
 garbage-first heap   total 65536K, used 40543K [0x00000000c1600000, 0x0000000100000000)
  region size 1024K, 4 young (4096K), 2 survivors (2048K)
 Metaspace       used 17750K, committed 17984K, reserved 1114112K
  class space    used 2002K, committed 2112K, reserved 1048576K
}
Event: 20.346 GC heap after
{Heap after GC invocations=5 (full 0):
 garbage-first heap   total 65536K, used 40323K [0x00000000c1600000, 0x0000000100000000)
  region size 1024K, 1 young (1024K), 1 survivors (1024K)
 Metaspace       used 17750K, committed 17984K, reserved 1114112K
  class space    used 2002K, committed 2112K, reserved 1048576K
}
Event: 20.392 GC heap before
{Heap before GC invocations=6 (full 0):
 garbage-first heap   total 76800K, used 43395K [0x00000000c1600000, 0x0000000100000000)
  region size 1024K, 4 young (4096K), 1 survivors (1024K)
 Metaspace       used 17751K, committed 17984K, reserved 1114112K
  class space    used 2002K, committed 2112K, reserved 1048576K
}
Event: 20.393 GC heap after
{Heap after GC invocations=7 (full 0):
 garbage-first heap   total 76800K, used 42519K [0x00000000c1600000, 0x0000000100000000)
  region size 1024K, 1 young (1024K), 1 survivors (1024K)
 Metaspace       used 17751K, committed 17984K, reserved 1114112K
  class space    used 2002K, committed 2112K, reserved 1048576K
}
Event: 20.504 GC heap before
{Heap before GC invocations=8 (full 0):
 garbage-first heap   total 80896K, used 45591K [0x00000000c1600000, 0x0000000100000000)
  region size 1024K, 4 young (4096K), 1 survivors (1024K)
 Metaspace       used 17790K, committed 18048K, reserved 1114112K
  class space    used 2003K, committed 2112K, reserved 1048576K
}
Event: 20.506 GC heap after
{Heap after GC invocations=9 (full 0):
 garbage-first heap   total 80896K, used 45029K [0x00000000c1600000, 0x0000000100000000)
  region size 1024K, 1 young (1024K), 1 survivors (1024K)
 Metaspace       used 17790K, committed 18048K, reserved 1114112K
  class space    used 2003K, committed 2112K, reserved 1048576K
}
Event: 37.771 GC heap before
{Heap before GC invocations=10 (full 0):
 garbage-first heap   total 92160K, used 72677K [0x00000000c1600000, 0x0000000100000000)
  region size 1024K, 21 young (21504K), 1 survivors (1024K)
 Metaspace       used 21304K, committed 21568K, reserved 1114112K
  class space    used 2368K, committed 2496K, reserved 1048576K
}
Event: 37.777 GC heap after
{Heap after GC invocations=11 (full 0):
 garbage-first heap   total 92160K, used 56520K [0x00000000c1600000, 0x0000000100000000)
  region size 1024K, 3 young (3072K), 3 survivors (3072K)
 Metaspace       used 21304K, committed 21568K, reserved 1114112K
  class space    used 2368K, committed 2496K, reserved 1048576K
}
Event: 38.244 GC heap before
{Heap before GC invocations=11 (full 0):
 garbage-first heap   total 92160K, used 72904K [0x00000000c1600000, 0x0000000100000000)
  region size 1024K, 20 young (20480K), 3 survivors (3072K)
 Metaspace       used 22506K, committed 22784K, reserved 1114112K
  class space    used 2438K, committed 2560K, reserved 1048576K
}
Event: 38.252 GC heap after
{Heap after GC invocations=12 (full 0):
 garbage-first heap   total 92160K, used 59402K [0x00000000c1600000, 0x0000000100000000)
  region size 1024K, 3 young (3072K), 3 survivors (3072K)
 Metaspace       used 22506K, committed 22784K, reserved 1114112K
  class space    used 2438K, committed 2560K, reserved 1048576K
}
Event: 38.905 GC heap before
{Heap before GC invocations=13 (full 0):
 garbage-first heap   total 101376K, used 73738K [0x00000000c1600000, 0x0000000100000000)
  region size 1024K, 18 young (18432K), 3 survivors (3072K)
 Metaspace       used 22794K, committed 23040K, reserved 1114112K
  class space    used 2443K, committed 2560K, reserved 1048576K
}
Event: 38.912 GC heap after
{Heap after GC invocations=14 (full 0):
 garbage-first heap   total 101376K, used 61366K [0x00000000c1600000, 0x0000000100000000)
  region size 1024K, 3 young (3072K), 3 survivors (3072K)
 Metaspace       used 22794K, committed 23040K, reserved 1114112K
  class space    used 2443K, committed 2560K, reserved 1048576K
}
Event: 39.114 GC heap before
{Heap before GC invocations=14 (full 0):
 garbage-first heap   total 101376K, used 80822K [0x00000000c1600000, 0x0000000100000000)
  region size 1024K, 22 young (22528K), 3 survivors (3072K)
 Metaspace       used 22872K, committed 23104K, reserved 1114112K
  class space    used 2450K, committed 2560K, reserved 1048576K
}
Event: 39.120 GC heap after
{Heap after GC invocations=15 (full 0):
 garbage-first heap   total 101376K, used 64752K [0x00000000c1600000, 0x0000000100000000)
  region size 1024K, 3 young (3072K), 3 survivors (3072K)
 Metaspace       used 22872K, committed 23104K, reserved 1114112K
  class space    used 2450K, committed 2560K, reserved 1048576K
}
Event: 39.395 GC heap before
{Heap before GC invocations=16 (full 0):
 garbage-first heap   total 117760K, used 81136K [0x00000000c1600000, 0x0000000100000000)
  region size 1024K, 20 young (20480K), 3 survivors (3072K)
 Metaspace       used 22984K, committed 23232K, reserved 1114112K
  class space    used 2452K, committed 2560K, reserved 1048576K
}
Event: 39.401 GC heap after
{Heap after GC invocations=17 (full 0):
 garbage-first heap   total 117760K, used 66702K [0x00000000c1600000, 0x0000000100000000)
  region size 1024K, 2 young (2048K), 2 survivors (2048K)
 Metaspace       used 22984K, committed 23232K, reserved 1114112K
  class space    used 2452K, committed 2560K, reserved 1048576K
}
Event: 39.446 GC heap before
{Heap before GC invocations=17 (full 0):
 garbage-first heap   total 117760K, used 69774K [0x00000000c1600000, 0x0000000100000000)
  region size 1024K, 6 young (6144K), 2 survivors (2048K)
 Metaspace       used 22985K, committed 23232K, reserved 1114112K
  class space    used 2452K, committed 2560K, reserved 1048576K
}
Event: 39.450 GC heap after
{Heap after GC invocations=18 (full 0):
 garbage-first heap   total 117760K, used 66896K [0x00000000c1600000, 0x0000000100000000)
  region size 1024K, 2 young (2048K), 2 survivors (2048K)
 Metaspace       used 22985K, committed 23232K, reserved 1114112K
  class space    used 2452K, committed 2560K, reserved 1048576K
}
Event: 39.892 GC heap before
{Heap before GC invocations=19 (full 0):
 garbage-first heap   total 122880K, used 91472K [0x00000000c1600000, 0x0000000100000000)
  region size 1024K, 25 young (25600K), 2 survivors (2048K)
 Metaspace       used 23114K, committed 23360K, reserved 1114112K
  class space    used 2453K, committed 2560K, reserved 1048576K
}
Event: 39.900 GC heap after
{Heap after GC invocations=20 (full 0):
 garbage-first heap   total 122880K, used 72249K [0x00000000c1600000, 0x0000000100000000)
  region size 1024K, 4 young (4096K), 4 survivors (4096K)
 Metaspace       used 23114K, committed 23360K, reserved 1114112K
  class space    used 2453K, committed 2560K, reserved 1048576K
}

